<?xml version="1.0" encoding="UTF-8"?>
<testng-results ignored="0" total="1" passed="1" failed="0" skipped="0">
  <reporter-output>
  </reporter-output>
  <suite started-at="2024-03-21T22:45:41 IST" name="Default suite" finished-at="2024-03-21T22:45:41 IST" duration-ms="215">
    <groups>
    </groups>
    <test started-at="2024-03-21T22:45:41 IST" name="Default test" finished-at="2024-03-21T22:45:41 IST" duration-ms="215">
      <class name="Testng_demo">
        <test-method signature="sample()[pri:0, instance:Testng_demo@4d1c005e]" started-at="2024-03-21T22:45:41 IST" name="sample" finished-at="2024-03-21T22:45:41 IST" duration-ms="39" status="PASS">
          <reporter-output>
          </reporter-output>
        </test-method> <!-- sample -->
      </class> <!-- Testng_demo -->
    </test> <!-- Default test -->
  </suite> <!-- Default suite -->
</testng-results>
